<?xml version="1.0" encoding="UTF-8"?>
<!-- Generated by org.testng.reporters.JUnitXMLReporter -->
<testsuite ignored="0" hostname="LAPTOP-K3Q77FD2" failures="2" tests="2" name="Default test(failed)" time="0.021" errors="0" timestamp="2022-05-02T16:45:33 IST">
  <testcase classname="metswift.MetswiftLogin" name="@BeforeSuite newenquiry" time="-1.651490133665E9">
    <failure type="org.testng.TestNGException" message="
Parameter &amp;apos;loginBaseUrl&amp;apos; is required by BeforeSuite on method newenquiry but has not been marked @Optional or defined
in D:\Selenium\RESTAssuredDemo\test-output\testng-failed.xml">
      <![CDATA[org.testng.TestNGException: 
Parameter 'loginBaseUrl' is required by BeforeSuite on method newenquiry but has not been marked @Optional or defined
in D:\Selenium\RESTAssuredDemo\test-output\testng-failed.xml
... Removed 16 stack frames]]>
    </failure>
  </testcase> <!-- @BeforeSuite newenquiry -->
  <testcase classname="metswift.MetswiftLogin" name="getCStation" time="0.0">
    <failure type="org.testng.TestNGException" message="
Parameter &amp;apos;cStationURI&amp;apos; is required by @Test on method getCStation but has not been marked @Optional or defined
in D:\Selenium\RESTAssuredDemo\test-output\testng-failed.xml">
      <![CDATA[org.testng.TestNGException: 
Parameter 'cStationURI' is required by @Test on method getCStation but has not been marked @Optional or defined
in D:\Selenium\RESTAssuredDemo\test-output\testng-failed.xml
at java.base/java.util.ArrayList.forEach(ArrayList.java:1511)
... Removed 26 stack frames]]>
    </failure>
  </testcase> <!-- getCStation -->
  <testcase classname="metswift.MetswiftLogin" name="addevent" time="0.0">
    <failure type="org.testng.TestNGException" message="
Parameter &amp;apos;loginBaseUrl&amp;apos; is required by @Test on method addevent but has not been marked @Optional or defined
in D:\Selenium\RESTAssuredDemo\test-output\testng-failed.xml">
      <![CDATA[org.testng.TestNGException: 
Parameter 'loginBaseUrl' is required by @Test on method addevent but has not been marked @Optional or defined
in D:\Selenium\RESTAssuredDemo\test-output\testng-failed.xml
at java.base/java.util.ArrayList.forEach(ArrayList.java:1511)
... Removed 26 stack frames]]>
    </failure>
  </testcase> <!-- addevent -->
</testsuite> <!-- Default test(failed) -->
